This is pdfTeX, Version 3.14159265-2.6-1.40.19 (MiKTeX 2.9.6630 64-bit) (preloaded format=pdflatex 2018.4.9)  9 MAY 2018 01:42
entering extended mode
**./Master_Thesis_Irune_Goizueta.tex
(Master_Thesis_Irune_Goizueta.tex
LaTeX2e <2017-04-15>
Babel <3.18> and hyphenation patterns for 75 language(s) loaded.
("C:\Users\Irune\AppData\Local\Programs\MiKTeX 2.9\tex\latex\base\book.cls"
Document Class: book 2014/09/29 v1.4h Standard LaTeX document class
("C:\Users\Irune\AppData\Local\Programs\MiKTeX 2.9\tex\latex\base\bk11.clo"
File: bk11.clo 2014/09/29 v1.4h Standard LaTeX file (size option)
)
\c@part=\count79
\c@chapter=\count80
\c@section=\count81
\c@subsection=\count82
\c@subsubsection=\count83
\c@paragraph=\count84
\c@subparagraph=\count85
\c@figure=\count86
\c@table=\count87
\abovecaptionskip=\skip41
\belowcaptionskip=\skip42
\bibindent=\dimen102
)
(preamble.tex
("C:\Users\Irune\AppData\Local\Programs\MiKTeX 2.9\tex\latex\tocloft\tocloft.st
y"
Package: tocloft 2017/08/31 v2.3i parameterised ToC, etc., typesetting
Package tocloft Info: The document has chapter divisions on input line 51.
\cftparskip=\skip43
\cftbeforetoctitleskip=\skip44
\cftaftertoctitleskip=\skip45
\cftbeforepartskip=\skip46
\cftpartnumwidth=\skip47
\cftpartindent=\skip48
\cftbeforechapskip=\skip49
\cftchapindent=\skip50
\cftchapnumwidth=\skip51
\cftbeforesecskip=\skip52
\cftsecindent=\skip53
\cftsecnumwidth=\skip54
\cftbeforesubsecskip=\skip55
\cftsubsecindent=\skip56
\cftsubsecnumwidth=\skip57
\cftbeforesubsubsecskip=\skip58
\cftsubsubsecindent=\skip59
\cftsubsubsecnumwidth=\skip60
\cftbeforeparaskip=\skip61
\cftparaindent=\skip62
\cftparanumwidth=\skip63
\cftbeforesubparaskip=\skip64
\cftsubparaindent=\skip65
\cftsubparanumwidth=\skip66
\cftbeforeloftitleskip=\skip67
\cftafterloftitleskip=\skip68
\cftbeforefigskip=\skip69
\cftfigindent=\skip70
\cftfignumwidth=\skip71
\c@lofdepth=\count88
\c@lotdepth=\count89
\cftbeforelottitleskip=\skip72
\cftafterlottitleskip=\skip73
\cftbeforetabskip=\skip74
\cfttabindent=\skip75
\cfttabnumwidth=\skip76
)
("C:\Users\Irune\AppData\Local\Programs\MiKTeX 2.9\tex\latex\base\inputenc.sty"
Package: inputenc 2015/03/17 v1.2c Input encoding file
\inpenc@prehook=\toks14
\inpenc@posthook=\toks15
("C:\Users\Irune\AppData\Local\Programs\MiKTeX 2.9\tex\latex\base\latin1.def"
File: latin1.def 2015/03/17 v1.2c Input encoding file
)) ("C:\Users\Irune\AppData\Local\Programs\MiKTeX 2.9\tex\latex\base\latexsym.s
ty"
Package: latexsym 1998/08/17 v2.2e Standard LaTeX package (lasy symbols)
\symlasy=\mathgroup4
LaTeX Font Info:    Overwriting symbol font `lasy' in version `bold'
(Font)                  U/lasy/m/n --> U/lasy/b/n on input line 52.
)
("C:\Users\Irune\AppData\Local\Programs\MiKTeX 2.9\tex\latex\amsmath\amsmath.st
y"
Package: amsmath 2017/09/02 v2.17a AMS math features
\@mathmargin=\skip77

For additional information on amsmath, use the `?' option.

("C:\Users\Irune\AppData\Local\Programs\MiKTeX 2.9\tex\latex\amsmath\amstext.st
y"
Package: amstext 2000/06/29 v2.01 AMS text

("C:\Users\Irune\AppData\Local\Programs\MiKTeX 2.9\tex\latex\amsmath\amsgen.sty
"
File: amsgen.sty 1999/11/30 v2.0 generic functions
\@emptytoks=\toks16
\ex@=\dimen103
))
("C:\Users\Irune\AppData\Local\Programs\MiKTeX 2.9\tex\latex\amsmath\amsbsy.sty
"
Package: amsbsy 1999/11/29 v1.2d Bold Symbols
\pmbraise@=\dimen104
)
("C:\Users\Irune\AppData\Local\Programs\MiKTeX 2.9\tex\latex\amsmath\amsopn.sty
"
Package: amsopn 2016/03/08 v2.02 operator names
)
\inf@bad=\count90
LaTeX Info: Redefining \frac on input line 213.
\uproot@=\count91
\leftroot@=\count92
LaTeX Info: Redefining \overline on input line 375.
\classnum@=\count93
\DOTSCASE@=\count94
LaTeX Info: Redefining \ldots on input line 472.
LaTeX Info: Redefining \dots on input line 475.
LaTeX Info: Redefining \cdots on input line 596.
\Mathstrutbox@=\box26
\strutbox@=\box27
\big@size=\dimen105
LaTeX Font Info:    Redeclaring font encoding OML on input line 712.
LaTeX Font Info:    Redeclaring font encoding OMS on input line 713.
\macc@depth=\count95
\c@MaxMatrixCols=\count96
\dotsspace@=\muskip10
\c@parentequation=\count97
\dspbrk@lvl=\count98
\tag@help=\toks17
\row@=\count99
\column@=\count100
\maxfields@=\count101
\andhelp@=\toks18
\eqnshift@=\dimen106
\alignsep@=\dimen107
\tagshift@=\dimen108
\tagwidth@=\dimen109
\totwidth@=\dimen110
\lineht@=\dimen111
\@envbody=\toks19
\multlinegap=\skip78
\multlinetaggap=\skip79
\mathdisplay@stack=\toks20
LaTeX Info: Redefining \[ on input line 2817.
LaTeX Info: Redefining \] on input line 2818.
)
("C:\Users\Irune\AppData\Local\Programs\MiKTeX 2.9\tex\latex\amsfonts\amssymb.s
ty"
Package: amssymb 2013/01/14 v3.01 AMS font symbols

("C:\Users\Irune\AppData\Local\Programs\MiKTeX 2.9\tex\latex\amsfonts\amsfonts.
sty"
Package: amsfonts 2013/01/14 v3.01 Basic AMSFonts support
\symAMSa=\mathgroup5
\symAMSb=\mathgroup6
LaTeX Font Info:    Overwriting math alphabet `\mathfrak' in version `bold'
(Font)                  U/euf/m/n --> U/euf/b/n on input line 106.
))
("C:\Users\Irune\AppData\Local\Programs\MiKTeX 2.9\tex\latex\jknappen\mathrsfs.
sty"
Package: mathrsfs 1996/01/01 Math RSFS package v1.0 (jk)
\symrsfs=\mathgroup7
)
("C:\Users\Irune\AppData\Local\Programs\MiKTeX 2.9\tex\latex\graphics\graphicx.
sty"
Package: graphicx 2017/06/01 v1.1a Enhanced LaTeX Graphics (DPC,SPQR)

("C:\Users\Irune\AppData\Local\Programs\MiKTeX 2.9\tex\latex\graphics\keyval.st
y"
Package: keyval 2014/10/28 v1.15 key=value parser (DPC)
\KV@toks@=\toks21
)
("C:\Users\Irune\AppData\Local\Programs\MiKTeX 2.9\tex\latex\graphics\graphics.
sty"
Package: graphics 2017/06/25 v1.2c Standard LaTeX Graphics (DPC,SPQR)

("C:\Users\Irune\AppData\Local\Programs\MiKTeX 2.9\tex\latex\graphics\trig.sty"
Package: trig 2016/01/03 v1.10 sin cos tan (DPC)
)
("C:\Users\Irune\AppData\Local\Programs\MiKTeX 2.9\tex\latex\graphics-cfg\graph
ics.cfg"
File: graphics.cfg 2016/06/04 v1.11 sample graphics configuration
)
Package graphics Info: Driver file: pdftex.def on input line 99.

("C:\Users\Irune\AppData\Local\Programs\MiKTeX 2.9\tex\latex\graphics-def\pdfte
x.def"
File: pdftex.def 2018/01/08 v1.0l Graphics/color driver for pdftex
))
\Gin@req@height=\dimen112
\Gin@req@width=\dimen113
)
("C:\Users\Irune\AppData\Local\Programs\MiKTeX 2.9\tex\generic\xypic\xy.sty"
("C:\Users\Irune\AppData\Local\Programs\MiKTeX 2.9\tex\generic\xypic\xy.tex"
Bootstrap'ing: catcodes, docmode,
("C:\Users\Irune\AppData\Local\Programs\MiKTeX 2.9\tex\generic\xypic\xyrecat.te
x")
("C:\Users\Irune\AppData\Local\Programs\MiKTeX 2.9\tex\generic\xypic\xyidioms.t
ex")

 Xy-pic version 3.8.9 <2013/10/06>
 Copyright (c) 1991-2013 by Kristoffer H. Rose <krisrose@tug.org> and others
 Xy-pic is free software: see the User's Guide for details.

Loading kernel: messages; fonts; allocations: state,
\X@c=\dimen114
\Y@c=\dimen115
\U@c=\dimen116
\D@c=\dimen117
\L@c=\dimen118
\R@c=\dimen119
\Edge@c=\toks22
\X@p=\dimen120
\Y@p=\dimen121
\U@p=\dimen122
\D@p=\dimen123
\L@p=\dimen124
\R@p=\dimen125
\Edge@p=\toks23
\X@origin=\dimen126
\Y@origin=\dimen127
\X@xbase=\dimen128
\Y@xbase=\dimen129
\X@ybase=\dimen130
\Y@ybase=\dimen131
\X@min=\dimen132
\Y@min=\dimen133
\X@max=\dimen134
\Y@max=\dimen135
\lastobjectbox@=\box28
\zerodotbox@=\box29
\almostz@=\dimen136
 direction,
\d@X=\dimen137
\d@Y=\dimen138
\K@=\count102
\KK@=\count103
\Direction=\count104
\K@dXdY=\dimen139
\K@dYdX=\dimen140
\xyread@=\read1
\xywrite@=\write3
\csp@=\count105
\quotPTK@=\dimen141

utility macros; pictures: \xy, positions,
\swaptoks@@=\toks24
\connectobjectbox@@=\box30
 objects,
\styletoks@=\toks25
 decorations;
kernel objects: directionals, circles, text; options; algorithms: directions,
edges, connections;  Xy-pic loaded)
("C:\Users\Irune\AppData\Local\Programs\MiKTeX 2.9\tex\generic\oberdiek\ifpdf.s
ty"
Package: ifpdf 2017/03/15 v3.2 Provides the ifpdf switch
)
Package: xy 2013/10/06 Xy-pic version 3.8.9

("C:\Users\Irune\AppData\Local\Programs\MiKTeX 2.9\tex\generic\xypic\xyall.tex"
 Xy-pic option: All features v.3.8
("C:\Users\Irune\AppData\Local\Programs\MiKTeX 2.9\tex\generic\xypic\xycurve.te
x"  Xy-pic option: Curve and Spline extension v.3.12 curve,
\crv@cnt@=\count106
\crvpts@=\toks26
\splinebox@=\box31
\splineval@=\dimen142
\splinedepth@=\dimen143
\splinetol@=\dimen144
\splinelength@=\dimen145
 circles,
\L@=\dimen146
 loaded)
("C:\Users\Irune\AppData\Local\Programs\MiKTeX 2.9\tex\generic\xypic\xyframe.te
x"  Xy-pic option: Frame and Bracket extension v.3.14 loaded)
("C:\Users\Irune\AppData\Local\Programs\MiKTeX 2.9\tex\generic\xypic\xycmtip.te
x"  Xy-pic option: Computer Modern tip extension v.3.7
("C:\Users\Irune\AppData\Local\Programs\MiKTeX 2.9\tex\generic\xypic\xytips.tex
"  Xy-pic option: More Tips extension v.3.11 loaded) loaded)
("C:\Users\Irune\AppData\Local\Programs\MiKTeX 2.9\tex\generic\xypic\xyline.tex
"  Xy-pic option: Line styles extension v.3.10
\xylinethick@=\dimen147
 loaded)
("C:\Users\Irune\AppData\Local\Programs\MiKTeX 2.9\tex\generic\xypic\xyrotate.t
ex"  Xy-pic option: Rotate and Scale extension v.3.8 loaded)
("C:\Users\Irune\AppData\Local\Programs\MiKTeX 2.9\tex\generic\xypic\xycolor.te
x"  Xy-pic option: Colour extension v.3.11 loaded)
("C:\Users\Irune\AppData\Local\Programs\MiKTeX 2.9\tex\generic\xypic\xymatrix.t
ex"  Xy-pic option: Matrix feature v.3.14
\Row=\count107
\Col=\count108
\queue@=\toks27
\queue@@=\toks28
\qcount@=\count109
\qcount@@=\count110
\matrixsize@=\count111
 loaded)
("C:\Users\Irune\AppData\Local\Programs\MiKTeX 2.9\tex\generic\xypic\xyarrow.te
x"  Xy-pic option: Arrow and Path feature v.3.9 path, \ar, loaded)
("C:\Users\Irune\AppData\Local\Programs\MiKTeX 2.9\tex\generic\xypic\xygraph.te
x"  Xy-pic option: Graph feature v.3.11 loaded) loaded)
("C:\Users\Irune\AppData\Local\Programs\MiKTeX 2.9\tex\generic\xypic\xypdf.tex"
 Xy-pic option: PDF driver v.1.7 Xy-pic pdf driver: `color' extension support
("C:\Users\Irune\AppData\Local\Programs\MiKTeX 2.9\tex\generic\xypic\xypdf-co.t
ex" loaded) Xy-pic pdf driver: `curve' extension support
("C:\Users\Irune\AppData\Local\Programs\MiKTeX 2.9\tex\generic\xypic\xypdf-cu.t
ex" loaded) Xy-pic pdf driver: `frame' extension support
("C:\Users\Irune\AppData\Local\Programs\MiKTeX 2.9\tex\generic\xypic\xypdf-fr.t
ex" loaded) Xy-pic pdf driver: `line' extension support
("C:\Users\Irune\AppData\Local\Programs\MiKTeX 2.9\tex\generic\xypic\xypdf-li.t
ex" loaded) Xy-pic pdf driver: `rotate' extension support
("C:\Users\Irune\AppData\Local\Programs\MiKTeX 2.9\tex\generic\xypic\xypdf-ro.t
ex" loaded) loaded))
("C:\Users\Irune\AppData\Local\Programs\MiKTeX 2.9\tex\latex\psnfss\bookman.sty
"
Package: bookman 2005/04/12 PSNFSS-v9.2a (SPQR) 
)
("C:\Users\Irune\AppData\Local\Programs\MiKTeX 2.9\tex\latex\graphics\color.sty
"
Package: color 2016/07/10 v1.1e Standard LaTeX Color (DPC)

("C:\Users\Irune\AppData\Local\Programs\MiKTeX 2.9\tex\latex\graphics-cfg\color
.cfg"
File: color.cfg 2016/01/02 v1.6 sample color configuration
)
Package color Info: Driver file: pdftex.def on input line 147.
) ("C:\Users\Irune\AppData\Local\Programs\MiKTeX 2.9\tex\latex\url\url.sty"
\Urlmuskip=\muskip11
Package: url 2013/09/16  ver 3.4  Verb mode for urls, etc.
)
("C:\Users\Irune\AppData\Local\Programs\MiKTeX 2.9\tex\latex\marvosym\marvosym.
sty"
Package: marvosym 2011/07/20 v2.2 Martin Vogel's Symbols font definitions
)
("C:\Users\Irune\AppData\Local\Programs\MiKTeX 2.9\tex\latex\titlesec\titlesec.
sty"
Package: titlesec 2016/03/21 v2.10.2 Sectioning titles
\ttl@box=\box32
\beforetitleunit=\skip80
\aftertitleunit=\skip81
\ttl@plus=\dimen148
\ttl@minus=\dimen149
\ttl@toksa=\toks29
\titlewidth=\dimen150
\titlewidthlast=\dimen151
\titlewidthfirst=\dimen152
)
("C:\Users\Irune\AppData\Local\Programs\MiKTeX 2.9\tex\latex\base\makeidx.sty"
Package: makeidx 2014/09/29 v1.0m Standard LaTeX package
)
\@indexfile=\write4
\openout4 = `Master_Thesis_Irune_Goizueta.idx'.

Writing index file Master_Thesis_Irune_Goizueta.idx

("C:\Users\Irune\AppData\Local\Programs\MiKTeX 2.9\tex\latex\fancyhdr\fancyhdr.
sty"
Package: fancyhdr 2017/06/30 v3.9a Extensive control of page headers and footer
s
\f@nch@headwidth=\skip82
\f@nch@O@elh=\skip83
\f@nch@O@erh=\skip84
\f@nch@O@olh=\skip85
\f@nch@O@orh=\skip86
\f@nch@O@elf=\skip87
\f@nch@O@erf=\skip88
\f@nch@O@olf=\skip89
\f@nch@O@orf=\skip90
)
("C:\Users\Irune\AppData\Local\Programs\MiKTeX 2.9\tex\latex\pdfpages\pdfpages.
sty"
Package: pdfpages 2017/10/31 v0.5l Insert pages of external PDF documents (AM)

("C:\Users\Irune\AppData\Local\Programs\MiKTeX 2.9\tex\latex\base\ifthen.sty"
Package: ifthen 2014/09/29 v1.1c Standard LaTeX ifthen package (DPC)
)
("C:\Users\Irune\AppData\Local\Programs\MiKTeX 2.9\tex\latex\tools\calc.sty"
Package: calc 2014/10/28 v4.3 Infix arithmetic (KKT,FJ)
\calc@Acount=\count112
\calc@Bcount=\count113
\calc@Adimen=\dimen153
\calc@Bdimen=\dimen154
\calc@Askip=\skip91
\calc@Bskip=\skip92
LaTeX Info: Redefining \setlength on input line 80.
LaTeX Info: Redefining \addtolength on input line 81.
\calc@Ccount=\count114
\calc@Cskip=\skip93
)
("C:\Users\Irune\AppData\Local\Programs\MiKTeX 2.9\tex\latex\eso-pic\eso-pic.st
y"
Package: eso-pic 2015/07/21 v2.0g eso-pic (RN)

("C:\Users\Irune\AppData\Local\Programs\MiKTeX 2.9\tex\generic\oberdiek\atbegsh
i.sty"
Package: atbegshi 2016/06/09 v1.18 At begin shipout hook (HO)

("C:\Users\Irune\AppData\Local\Programs\MiKTeX 2.9\tex\generic\oberdiek\infware
rr.sty"
Package: infwarerr 2016/05/16 v1.4 Providing info/warning/error messages (HO)
)
("C:\Users\Irune\AppData\Local\Programs\MiKTeX 2.9\tex\generic\oberdiek\ltxcmds
.sty"
Package: ltxcmds 2016/05/16 v1.23 LaTeX kernel commands for general use (HO)
)))
\AM@pagewidth=\dimen155
\AM@pageheight=\dimen156

("C:\Users\Irune\AppData\Local\Programs\MiKTeX 2.9\tex\latex\pdfpages\pppdftex.
def"
File: pppdftex.def 2017/10/31 v0.5l Pdfpages driver for pdfTeX (AM)
)
\AM@pagebox=\box33
\AM@global@opts=\toks30
\AM@toc@title=\toks31
\c@AM@survey=\count115
\AM@templatesizebox=\box34
)
("C:\Users\Irune\AppData\Local\Programs\MiKTeX 2.9\tex\latex\wallpaper\wallpape
r.sty"
Package: wallpaper 2005/01/18, v1.01 easy wallpaper formatting (MHFW)
\wpXoffset=\skip94
\wpYoffset=\skip95
\tileXoffset=\skip96
\tileYoffset=\skip97
\tilewidth=\skip98
\tileheight=\skip99
\tileX=\skip100
\tileY=\skip101
)
("C:\Users\Irune\AppData\Local\Programs\MiKTeX 2.9\tex\latex\nomencl\nomencl.st
y"
Package: nomencl 2005/09/22 v4.2 Nomenclature package (LN)
\nomlabelwidth=\dimen157
\nom@tempdim=\dimen158
\nomitemsep=\skip102
)
("C:\Users\Irune\AppData\Local\Programs\MiKTeX 2.9\tex\latex\capt-of\capt-of.st
y"
Package: capt-of 2009/12/29 v0.2 standard captions outside of floats
)
("C:\Users\Irune\AppData\Local\Programs\MiKTeX 2.9\tex\latex\pgf\frontendlayer\
tikz.sty"
("C:\Users\Irune\AppData\Local\Programs\MiKTeX 2.9\tex\latex\pgf\basiclayer\pgf
.sty"
("C:\Users\Irune\AppData\Local\Programs\MiKTeX 2.9\tex\latex\pgf\utilities\pgfr
cs.sty"
("C:\Users\Irune\AppData\Local\Programs\MiKTeX 2.9\tex\generic\pgf\utilities\pg
futil-common.tex"
\pgfutil@everybye=\toks32
\pgfutil@tempdima=\dimen159
\pgfutil@tempdimb=\dimen160

("C:\Users\Irune\AppData\Local\Programs\MiKTeX 2.9\tex\generic\pgf\utilities\pg
futil-common-lists.tex"))
("C:\Users\Irune\AppData\Local\Programs\MiKTeX 2.9\tex\generic\pgf\utilities\pg
futil-latex.def"
\pgfutil@abb=\box35

("C:\Users\Irune\AppData\Local\Programs\MiKTeX 2.9\tex\latex\ms\everyshi.sty"
Package: everyshi 2001/05/15 v3.00 EveryShipout Package (MS)
))
("C:\Users\Irune\AppData\Local\Programs\MiKTeX 2.9\tex\generic\pgf\utilities\pg
frcs.code.tex"
Package: pgfrcs 2015/08/07 v3.0.1a (rcs-revision 1.31)
))
Package: pgf 2015/08/07 v3.0.1a (rcs-revision 1.15)

("C:\Users\Irune\AppData\Local\Programs\MiKTeX 2.9\tex\latex\pgf\basiclayer\pgf
core.sty"
("C:\Users\Irune\AppData\Local\Programs\MiKTeX 2.9\tex\latex\pgf\systemlayer\pg
fsys.sty"
("C:\Users\Irune\AppData\Local\Programs\MiKTeX 2.9\tex\generic\pgf\systemlayer\
pgfsys.code.tex"
Package: pgfsys 2014/07/09 v3.0.1a (rcs-revision 1.48)

("C:\Users\Irune\AppData\Local\Programs\MiKTeX 2.9\tex\generic\pgf\utilities\pg
fkeys.code.tex"
\pgfkeys@pathtoks=\toks33
\pgfkeys@temptoks=\toks34

("C:\Users\Irune\AppData\Local\Programs\MiKTeX 2.9\tex\generic\pgf\utilities\pg
fkeysfiltered.code.tex"
\pgfkeys@tmptoks=\toks35
))
\pgf@x=\dimen161
\pgf@y=\dimen162
\pgf@xa=\dimen163
\pgf@ya=\dimen164
\pgf@xb=\dimen165
\pgf@yb=\dimen166
\pgf@xc=\dimen167
\pgf@yc=\dimen168
\w@pgf@writea=\write5
\r@pgf@reada=\read2
\c@pgf@counta=\count116
\c@pgf@countb=\count117
\c@pgf@countc=\count118
\c@pgf@countd=\count119
\t@pgf@toka=\toks36
\t@pgf@tokb=\toks37
\t@pgf@tokc=\toks38

("C:\Users\Irune\AppData\Local\Programs\MiKTeX 2.9\tex\generic\pgf\systemlayer\
pgf.cfg"
File: pgf.cfg 2008/05/14  (rcs-revision 1.7)
)
Driver file for pgf: pgfsys-pdftex.def

("C:\Users\Irune\AppData\Local\Programs\MiKTeX 2.9\tex\generic\pgf\systemlayer\
pgfsys-pdftex.def"
File: pgfsys-pdftex.def 2014/10/11  (rcs-revision 1.35)

("C:\Users\Irune\AppData\Local\Programs\MiKTeX 2.9\tex\generic\pgf\systemlayer\
pgfsys-common-pdf.def"
File: pgfsys-common-pdf.def 2013/10/10  (rcs-revision 1.13)
)))
("C:\Users\Irune\AppData\Local\Programs\MiKTeX 2.9\tex\generic\pgf\systemlayer\
pgfsyssoftpath.code.tex"
File: pgfsyssoftpath.code.tex 2013/09/09  (rcs-revision 1.9)
\pgfsyssoftpath@smallbuffer@items=\count120
\pgfsyssoftpath@bigbuffer@items=\count121
)
("C:\Users\Irune\AppData\Local\Programs\MiKTeX 2.9\tex\generic\pgf\systemlayer\
pgfsysprotocol.code.tex"
File: pgfsysprotocol.code.tex 2006/10/16  (rcs-revision 1.4)
))
("C:\Users\Irune\AppData\Local\Programs\MiKTeX 2.9\tex\latex\xcolor\xcolor.sty"
Package: xcolor 2016/05/11 v2.12 LaTeX color extensions (UK)

("C:\Users\Irune\AppData\Local\Programs\MiKTeX 2.9\tex\latex\graphics-cfg\color
.cfg"
File: color.cfg 2016/01/02 v1.6 sample color configuration
)
Package xcolor Info: Driver file: pdftex.def on input line 225.
LaTeX Info: Redefining \color on input line 709.
Package xcolor Info: Model `cmy' substituted by `cmy0' on input line 1348.
Package xcolor Info: Model `hsb' substituted by `rgb' on input line 1352.
Package xcolor Info: Model `RGB' extended on input line 1364.
Package xcolor Info: Model `HTML' substituted by `rgb' on input line 1366.
Package xcolor Info: Model `Hsb' substituted by `hsb' on input line 1367.
Package xcolor Info: Model `tHsb' substituted by `hsb' on input line 1368.
Package xcolor Info: Model `HSB' substituted by `hsb' on input line 1369.
Package xcolor Info: Model `Gray' substituted by `gray' on input line 1370.
Package xcolor Info: Model `wave' substituted by `hsb' on input line 1371.
)
("C:\Users\Irune\AppData\Local\Programs\MiKTeX 2.9\tex\generic\pgf\basiclayer\p
gfcore.code.tex"
Package: pgfcore 2010/04/11 v3.0.1a (rcs-revision 1.7)

("C:\Users\Irune\AppData\Local\Programs\MiKTeX 2.9\tex\generic\pgf\math\pgfmath
.code.tex"
("C:\Users\Irune\AppData\Local\Programs\MiKTeX 2.9\tex\generic\pgf\math\pgfmath
calc.code.tex"
("C:\Users\Irune\AppData\Local\Programs\MiKTeX 2.9\tex\generic\pgf\math\pgfmath
util.code.tex")
("C:\Users\Irune\AppData\Local\Programs\MiKTeX 2.9\tex\generic\pgf\math\pgfmath
parser.code.tex"
\pgfmath@dimen=\dimen169
\pgfmath@count=\count122
\pgfmath@box=\box36
\pgfmath@toks=\toks39
\pgfmath@stack@operand=\toks40
\pgfmath@stack@operation=\toks41
)
("C:\Users\Irune\AppData\Local\Programs\MiKTeX 2.9\tex\generic\pgf\math\pgfmath
functions.code.tex"
("C:\Users\Irune\AppData\Local\Programs\MiKTeX 2.9\tex\generic\pgf\math\pgfmath
functions.basic.code.tex")
("C:\Users\Irune\AppData\Local\Programs\MiKTeX 2.9\tex\generic\pgf\math\pgfmath
functions.trigonometric.code.tex")
("C:\Users\Irune\AppData\Local\Programs\MiKTeX 2.9\tex\generic\pgf\math\pgfmath
functions.random.code.tex")
("C:\Users\Irune\AppData\Local\Programs\MiKTeX 2.9\tex\generic\pgf\math\pgfmath
functions.comparison.code.tex")
("C:\Users\Irune\AppData\Local\Programs\MiKTeX 2.9\tex\generic\pgf\math\pgfmath
functions.base.code.tex")
("C:\Users\Irune\AppData\Local\Programs\MiKTeX 2.9\tex\generic\pgf\math\pgfmath
functions.round.code.tex")
("C:\Users\Irune\AppData\Local\Programs\MiKTeX 2.9\tex\generic\pgf\math\pgfmath
functions.misc.code.tex")
("C:\Users\Irune\AppData\Local\Programs\MiKTeX 2.9\tex\generic\pgf\math\pgfmath
functions.integerarithmetics.code.tex")))
("C:\Users\Irune\AppData\Local\Programs\MiKTeX 2.9\tex\generic\pgf\math\pgfmath
float.code.tex"
\c@pgfmathroundto@lastzeros=\count123
))
("C:\Users\Irune\AppData\Local\Programs\MiKTeX 2.9\tex\generic\pgf\basiclayer\p
gfcorepoints.code.tex"
File: pgfcorepoints.code.tex 2013/10/07  (rcs-revision 1.27)
\pgf@picminx=\dimen170
\pgf@picmaxx=\dimen171
\pgf@picminy=\dimen172
\pgf@picmaxy=\dimen173
\pgf@pathminx=\dimen174
\pgf@pathmaxx=\dimen175
\pgf@pathminy=\dimen176
\pgf@pathmaxy=\dimen177
\pgf@xx=\dimen178
\pgf@xy=\dimen179
\pgf@yx=\dimen180
\pgf@yy=\dimen181
\pgf@zx=\dimen182
\pgf@zy=\dimen183
)
("C:\Users\Irune\AppData\Local\Programs\MiKTeX 2.9\tex\generic\pgf\basiclayer\p
gfcorepathconstruct.code.tex"
File: pgfcorepathconstruct.code.tex 2013/10/07  (rcs-revision 1.29)
\pgf@path@lastx=\dimen184
\pgf@path@lasty=\dimen185
)
("C:\Users\Irune\AppData\Local\Programs\MiKTeX 2.9\tex\generic\pgf\basiclayer\p
gfcorepathusage.code.tex"
File: pgfcorepathusage.code.tex 2014/11/02  (rcs-revision 1.24)
\pgf@shorten@end@additional=\dimen186
\pgf@shorten@start@additional=\dimen187
)
("C:\Users\Irune\AppData\Local\Programs\MiKTeX 2.9\tex\generic\pgf\basiclayer\p
gfcorescopes.code.tex"
File: pgfcorescopes.code.tex 2015/05/08  (rcs-revision 1.46)
\pgfpic=\box37
\pgf@hbox=\box38
\pgf@layerbox@main=\box39
\pgf@picture@serial@count=\count124
)
("C:\Users\Irune\AppData\Local\Programs\MiKTeX 2.9\tex\generic\pgf\basiclayer\p
gfcoregraphicstate.code.tex"
File: pgfcoregraphicstate.code.tex 2014/11/02  (rcs-revision 1.12)
\pgflinewidth=\dimen188
)
("C:\Users\Irune\AppData\Local\Programs\MiKTeX 2.9\tex\generic\pgf\basiclayer\p
gfcoretransformations.code.tex"
File: pgfcoretransformations.code.tex 2015/08/07  (rcs-revision 1.20)
\pgf@pt@x=\dimen189
\pgf@pt@y=\dimen190
\pgf@pt@temp=\dimen191
)
("C:\Users\Irune\AppData\Local\Programs\MiKTeX 2.9\tex\generic\pgf\basiclayer\p
gfcorequick.code.tex"
File: pgfcorequick.code.tex 2008/10/09  (rcs-revision 1.3)
)
("C:\Users\Irune\AppData\Local\Programs\MiKTeX 2.9\tex\generic\pgf\basiclayer\p
gfcoreobjects.code.tex"
File: pgfcoreobjects.code.tex 2006/10/11  (rcs-revision 1.2)
)
("C:\Users\Irune\AppData\Local\Programs\MiKTeX 2.9\tex\generic\pgf\basiclayer\p
gfcorepathprocessing.code.tex"
File: pgfcorepathprocessing.code.tex 2013/09/09  (rcs-revision 1.9)
)
("C:\Users\Irune\AppData\Local\Programs\MiKTeX 2.9\tex\generic\pgf\basiclayer\p
gfcorearrows.code.tex"
File: pgfcorearrows.code.tex 2015/05/14  (rcs-revision 1.43)
\pgfarrowsep=\dimen192
)
("C:\Users\Irune\AppData\Local\Programs\MiKTeX 2.9\tex\generic\pgf\basiclayer\p
gfcoreshade.code.tex"
File: pgfcoreshade.code.tex 2013/07/15  (rcs-revision 1.15)
\pgf@max=\dimen193
\pgf@sys@shading@range@num=\count125
)
("C:\Users\Irune\AppData\Local\Programs\MiKTeX 2.9\tex\generic\pgf\basiclayer\p
gfcoreimage.code.tex"
File: pgfcoreimage.code.tex 2013/07/15  (rcs-revision 1.18)

("C:\Users\Irune\AppData\Local\Programs\MiKTeX 2.9\tex\generic\pgf\basiclayer\p
gfcoreexternal.code.tex"
File: pgfcoreexternal.code.tex 2014/07/09  (rcs-revision 1.21)
\pgfexternal@startupbox=\box40
))
("C:\Users\Irune\AppData\Local\Programs\MiKTeX 2.9\tex\generic\pgf\basiclayer\p
gfcorelayers.code.tex"
File: pgfcorelayers.code.tex 2013/07/18  (rcs-revision 1.7)
)
("C:\Users\Irune\AppData\Local\Programs\MiKTeX 2.9\tex\generic\pgf\basiclayer\p
gfcoretransparency.code.tex"
File: pgfcoretransparency.code.tex 2013/09/30  (rcs-revision 1.5)
)
("C:\Users\Irune\AppData\Local\Programs\MiKTeX 2.9\tex\generic\pgf\basiclayer\p
gfcorepatterns.code.tex"
File: pgfcorepatterns.code.tex 2013/11/07  (rcs-revision 1.5)
)))
("C:\Users\Irune\AppData\Local\Programs\MiKTeX 2.9\tex\generic\pgf\modules\pgfm
oduleshapes.code.tex"
File: pgfmoduleshapes.code.tex 2014/03/21  (rcs-revision 1.35)
\pgfnodeparttextbox=\box41
)
("C:\Users\Irune\AppData\Local\Programs\MiKTeX 2.9\tex\generic\pgf\modules\pgfm
oduleplot.code.tex"
File: pgfmoduleplot.code.tex 2015/08/03  (rcs-revision 1.13)
)
("C:\Users\Irune\AppData\Local\Programs\MiKTeX 2.9\tex\latex\pgf\compatibility\
pgfcomp-version-0-65.sty"
Package: pgfcomp-version-0-65 2007/07/03 v3.0.1a (rcs-revision 1.7)
\pgf@nodesepstart=\dimen194
\pgf@nodesepend=\dimen195
)
("C:\Users\Irune\AppData\Local\Programs\MiKTeX 2.9\tex\latex\pgf\compatibility\
pgfcomp-version-1-18.sty"
Package: pgfcomp-version-1-18 2007/07/23 v3.0.1a (rcs-revision 1.1)
))
("C:\Users\Irune\AppData\Local\Programs\MiKTeX 2.9\tex\latex\pgf\utilities\pgff
or.sty"
("C:\Users\Irune\AppData\Local\Programs\MiKTeX 2.9\tex\latex\pgf\utilities\pgfk
eys.sty"
("C:\Users\Irune\AppData\Local\Programs\MiKTeX 2.9\tex\generic\pgf\utilities\pg
fkeys.code.tex"))
("C:\Users\Irune\AppData\Local\Programs\MiKTeX 2.9\tex\latex\pgf\math\pgfmath.s
ty"
("C:\Users\Irune\AppData\Local\Programs\MiKTeX 2.9\tex\generic\pgf\math\pgfmath
.code.tex"))
("C:\Users\Irune\AppData\Local\Programs\MiKTeX 2.9\tex\generic\pgf\utilities\pg
ffor.code.tex"
Package: pgffor 2013/12/13 v3.0.1a (rcs-revision 1.25)

("C:\Users\Irune\AppData\Local\Programs\MiKTeX 2.9\tex\generic\pgf\math\pgfmath
.code.tex")
\pgffor@iter=\dimen196
\pgffor@skip=\dimen197
\pgffor@stack=\toks42
\pgffor@toks=\toks43
))
("C:\Users\Irune\AppData\Local\Programs\MiKTeX 2.9\tex\generic\pgf\frontendlaye
r\tikz\tikz.code.tex"
Package: tikz 2015/08/07 v3.0.1a (rcs-revision 1.151)

("C:\Users\Irune\AppData\Local\Programs\MiKTeX 2.9\tex\generic\pgf\libraries\pg
flibraryplothandlers.code.tex"
File: pgflibraryplothandlers.code.tex 2013/08/31 v3.0.1a (rcs-revision 1.20)
\pgf@plot@mark@count=\count126
\pgfplotmarksize=\dimen198
)
\tikz@lastx=\dimen199
\tikz@lasty=\dimen256
\tikz@lastxsaved=\dimen257
\tikz@lastysaved=\dimen258
\tikzleveldistance=\dimen259
\tikzsiblingdistance=\dimen260
\tikz@figbox=\box42
\tikz@figbox@bg=\box43
\tikz@tempbox=\box44
\tikz@tempbox@bg=\box45
\tikztreelevel=\count127
\tikznumberofchildren=\count128
\tikznumberofcurrentchild=\count129
\tikz@fig@count=\count130

("C:\Users\Irune\AppData\Local\Programs\MiKTeX 2.9\tex\generic\pgf\modules\pgfm
odulematrix.code.tex"
File: pgfmodulematrix.code.tex 2013/09/17  (rcs-revision 1.8)
\pgfmatrixcurrentrow=\count131
\pgfmatrixcurrentcolumn=\count132
\pgf@matrix@numberofcolumns=\count133
)
\tikz@expandcount=\count134

("C:\Users\Irune\AppData\Local\Programs\MiKTeX 2.9\tex\generic\pgf\frontendlaye
r\tikz\libraries\tikzlibrarytopaths.code.tex"
File: tikzlibrarytopaths.code.tex 2008/06/17 v3.0.1a (rcs-revision 1.2)
)))
("C:\Users\Irune\AppData\Local\Programs\MiKTeX 2.9\tex\generic\pgf\frontendlaye
r\tikz\libraries\tikzlibraryshapes.code.tex"
File: tikzlibraryshapes.code.tex 2008/01/09 v3.0.1a (rcs-revision 1.1)

("C:\Users\Irune\AppData\Local\Programs\MiKTeX 2.9\tex\generic\pgf\frontendlaye
r\tikz\libraries\tikzlibraryshapes.geometric.code.tex"
File: tikzlibraryshapes.geometric.code.tex 2008/01/09 v3.0.1a (rcs-revision 1.1
)

("C:\Users\Irune\AppData\Local\Programs\MiKTeX 2.9\tex\generic\pgf\libraries\sh
apes\pgflibraryshapes.geometric.code.tex"
File: pgflibraryshapes.geometric.code.tex 2008/06/26 v3.0.1a (rcs-revision 1.1)

))
("C:\Users\Irune\AppData\Local\Programs\MiKTeX 2.9\tex\generic\pgf\frontendlaye
r\tikz\libraries\tikzlibraryshapes.misc.code.tex"
File: tikzlibraryshapes.misc.code.tex 2008/01/09 v3.0.1a (rcs-revision 1.1)

("C:\Users\Irune\AppData\Local\Programs\MiKTeX 2.9\tex\generic\pgf\libraries\sh
apes\pgflibraryshapes.misc.code.tex"
File: pgflibraryshapes.misc.code.tex 2013/07/18 v3.0.1a (rcs-revision 1.5)
))
("C:\Users\Irune\AppData\Local\Programs\MiKTeX 2.9\tex\generic\pgf\frontendlaye
r\tikz\libraries\tikzlibraryshapes.symbols.code.tex"
File: tikzlibraryshapes.symbols.code.tex 2008/01/09 v3.0.1a (rcs-revision 1.1)

("C:\Users\Irune\AppData\Local\Programs\MiKTeX 2.9\tex\generic\pgf\libraries\sh
apes\pgflibraryshapes.symbols.code.tex"
File: pgflibraryshapes.symbols.code.tex 2013/09/11 v3.0.1a (rcs-revision 1.6)
))
("C:\Users\Irune\AppData\Local\Programs\MiKTeX 2.9\tex\generic\pgf\frontendlaye
r\tikz\libraries\tikzlibraryshapes.arrows.code.tex"
File: tikzlibraryshapes.arrows.code.tex 2008/01/09 v3.0.1a (rcs-revision 1.1)

("C:\Users\Irune\AppData\Local\Programs\MiKTeX 2.9\tex\generic\pgf\libraries\sh
apes\pgflibraryshapes.arrows.code.tex"
File: pgflibraryshapes.arrows.code.tex 2008/06/26 v3.0.1a (rcs-revision 1.1)
))
("C:\Users\Irune\AppData\Local\Programs\MiKTeX 2.9\tex\generic\pgf\frontendlaye
r\tikz\libraries\tikzlibraryshapes.callouts.code.tex"
("C:\Users\Irune\AppData\Local\Programs\MiKTeX 2.9\tex\generic\pgf\libraries\sh
apes\pgflibraryshapes.callouts.code.tex"))
("C:\Users\Irune\AppData\Local\Programs\MiKTeX 2.9\tex\generic\pgf\frontendlaye
r\tikz\libraries\tikzlibraryshapes.multipart.code.tex"
File: tikzlibraryshapes.multipart.code.tex 2008/01/09 v3.0.1a (rcs-revision 1.1
)

("C:\Users\Irune\AppData\Local\Programs\MiKTeX 2.9\tex\generic\pgf\libraries\sh
apes\pgflibraryshapes.multipart.code.tex"
File: pgflibraryshapes.multipart.code.tex 2010/01/07 v3.0.1a (rcs-revision 1.2)

\pgfnodepartlowerbox=\box46
\pgfnodeparttwobox=\box47
\pgfnodepartthreebox=\box48
\pgfnodepartfourbox=\box49
\pgfnodeparttwentybox=\box50
\pgfnodepartnineteenbox=\box51
\pgfnodeparteighteenbox=\box52
\pgfnodepartseventeenbox=\box53
\pgfnodepartsixteenbox=\box54
\pgfnodepartfifteenbox=\box55
\pgfnodepartfourteenbox=\box56
\pgfnodepartthirteenbox=\box57
\pgfnodeparttwelvebox=\box58
\pgfnodepartelevenbox=\box59
\pgfnodeparttenbox=\box60
\pgfnodepartninebox=\box61
\pgfnodeparteightbox=\box62
\pgfnodepartsevenbox=\box63
\pgfnodepartsixbox=\box64
\pgfnodepartfivebox=\box65
)))
("C:\Users\Irune\AppData\Local\Programs\MiKTeX 2.9\tex\generic\pgf\frontendlaye
r\tikz\libraries\tikzlibraryarrows.code.tex"
File: tikzlibraryarrows.code.tex 2008/01/09 v3.0.1a (rcs-revision 1.1)

("C:\Users\Irune\AppData\Local\Programs\MiKTeX 2.9\tex\generic\pgf\libraries\pg
flibraryarrows.code.tex"
File: pgflibraryarrows.code.tex 2013/09/23 v3.0.1a (rcs-revision 1.16)
\arrowsize=\dimen261
))
("C:\Users\Irune\AppData\Local\Programs\MiKTeX 2.9\tex\latex\tools\longtable.st
y"
Package: longtable 2014/10/28 v4.11 Multi-page Table package (DPC)
\LTleft=\skip103
\LTright=\skip104
\LTpre=\skip105
\LTpost=\skip106
\LTchunksize=\count135
\LTcapwidth=\dimen262
\LT@head=\box66
\LT@firsthead=\box67
\LT@foot=\box68
\LT@lastfoot=\box69
\LT@cols=\count136
\LT@rows=\count137
\c@LT@tables=\count138
\c@LT@chunks=\count139
\LT@p@ftn=\toks44
) ("C:\Users\Irune\AppData\Local\Programs\MiKTeX 2.9\tex\latex\tabu\tabu.sty"
Package: tabu 2011/02/26 v2.8 - flexible LaTeX tabulars (FC)
("C:\Users\Irune\AppData\Local\Programs\MiKTeX 2.9\tex\latex\tools\array.sty"
Package: array 2016/10/06 v2.4d Tabular extension package (FMi)
\col@sep=\dimen263
\extrarowheight=\dimen264
\NC@list=\toks45
\extratabsurround=\skip107
\backup@length=\skip108
)
("C:\Users\Irune\AppData\Local\Programs\MiKTeX 2.9\tex\latex\ltxmisc\varwidth.s
ty"
Package: varwidth 2009/03/30 ver 0.92;  Variable-width minipages
\@vwid@box=\box70
\sift@deathcycles=\count140
\@vwid@loff=\dimen265
\@vwid@roff=\dimen266
)
\c@taburow=\count141
\tabu@nbcols=\count142
\tabu@cnt=\count143
\tabu@Xcol=\count144
\tabu@alloc=\count145
\tabu@nested=\count146
\tabu@target=\dimen267
\tabu@spreadtarget=\dimen268
\tabu@naturalX=\dimen269
\tabucolX=\dimen270
\tabu@Xsum=\dimen271
\extrarowdepth=\dimen272
\abovetabulinesep=\dimen273
\belowtabulinesep=\dimen274
\tabustrutrule=\dimen275
\tabu@thebody=\toks46
\tabu@footnotes=\toks47
\tabu@box=\box71
\tabu@arstrutbox=\box72
\tabu@hleads=\box73
\tabu@vleads=\box74
\tabu@cellskip=\skip109
)
("C:\Users\Irune\AppData\Local\Programs\MiKTeX 2.9\tex\latex\csquotes\csquotes.
sty"
Package: csquotes 2018/04/13 v5.2d context-sensitive quotations (JAW)

("C:\Users\Irune\AppData\Local\Programs\MiKTeX 2.9\tex\latex\etoolbox\etoolbox.
sty"
Package: etoolbox 2018/02/11 v2.5e e-TeX tools for LaTeX (JAW)
\etb@tempcnta=\count147
)
\csq@reset=\count148
\csq@gtype=\count149
\csq@glevel=\count150
\csq@qlevel=\count151
\csq@maxlvl=\count152
\csq@tshold=\count153
\csq@ltx@everypar=\toks48

("C:\Users\Irune\AppData\Local\Programs\MiKTeX 2.9\tex\latex\csquotes\csquotes.
def"
File: csquotes.def 2018/04/13 v5.2d csquotes generic definitions (JAW)
)
Package csquotes Info: Trying to load configuration file 'csquotes.cfg'...
Package csquotes Info: ... configuration file loaded successfully.

("C:\Users\Irune\AppData\Local\Programs\MiKTeX 2.9\tex\latex\csquotes\csquotes.
cfg"
File: csquotes.cfg 
)
Package csquotes Info: Enabling multilingual quotes.
)
("C:\Users\Irune\AppData\Local\Programs\MiKTeX 2.9\tex\latex\algorithms\algorit
hm.sty"
Package: algorithm 2009/08/24 v0.1 Document Style `algorithm' - floating enviro
nment

("C:\Users\Irune\AppData\Local\Programs\MiKTeX 2.9\tex\latex\float\float.sty"
Package: float 2001/11/08 v1.3d Float enhancements (AL)
\c@float@type=\count154
\float@exts=\toks49
\float@box=\box75
\@float@everytoks=\toks50
\@floatcapt=\box76
)
\@float@every@algorithm=\toks51
\c@algorithm=\count155
)
("C:\Users\Irune\AppData\Local\Programs\MiKTeX 2.9\tex\latex\algorithmicx\algps
eudocode.sty"
Package: algpseudocode 

("C:\Users\Irune\AppData\Local\Programs\MiKTeX 2.9\tex\latex\algorithmicx\algor
ithmicx.sty"
Package: algorithmicx 2005/04/27 v1.2 Algorithmicx

Document Style algorithmicx 1.2 - a greatly improved `algorithmic' style
\c@ALG@line=\count156
\c@ALG@rem=\count157
\c@ALG@nested=\count158
\ALG@tlm=\skip110
\ALG@thistlm=\skip111
\c@ALG@Lnr=\count159
\c@ALG@blocknr=\count160
\c@ALG@storecount=\count161
\c@ALG@tmpcounter=\count162
\ALG@tmplength=\skip112
)
Document Style - pseudocode environments for use with the `algorithmicx' style
)
\c@exercise=\count163
\c@solExercise=\count164

("C:\Users\Irune\AppData\Local\Programs\MiKTeX 2.9\tex\latex\booktabs\booktabs.
sty"
Package: booktabs 2005/04/14 v1.61803 publication quality tables
\heavyrulewidth=\dimen276
\lightrulewidth=\dimen277
\cmidrulewidth=\dimen278
\belowrulesep=\dimen279
\belowbottomsep=\dimen280
\aboverulesep=\dimen281
\abovetopsep=\dimen282
\cmidrulesep=\dimen283
\cmidrulekern=\dimen284
\defaultaddspace=\dimen285
\@cmidla=\count165
\@cmidlb=\count166
\@aboverulesep=\dimen286
\@belowrulesep=\dimen287
\@thisruleclass=\count167
\@lastruleclass=\count168
\@thisrulewidth=\dimen288
))
Package csquotes Info: Checking for multilingual support...
Package csquotes Info: ... none found.


Package csquotes Warning: No multilingual support.
(csquotes)                Cannot enable multilingual quotes on input line 20.

(Master_Thesis_Irune_Goizueta.aux (Titlepage.aux) (Contents.aux) (Abstract.aux)
(chapters/Intro.aux) (chapters/ROS.aux) (chapters/Motion_Planning.aux)
(chapters/Algorithm.aux

LaTeX Warning: Label `euclid' multiply defined.


LaTeX Warning: Label `euclid' multiply defined.

) (chapters/Experiments.aux) (chapters/Conclusion.aux) (chapters/Budget.aux))
\openout1 = `Master_Thesis_Irune_Goizueta.aux'.

LaTeX Font Info:    Checking defaults for OML/cmm/m/it on input line 20.
LaTeX Font Info:    ... okay on input line 20.
LaTeX Font Info:    Checking defaults for T1/cmr/m/n on input line 20.
LaTeX Font Info:    ... okay on input line 20.
LaTeX Font Info:    Checking defaults for OT1/cmr/m/n on input line 20.
LaTeX Font Info:    ... okay on input line 20.
LaTeX Font Info:    Checking defaults for OMS/cmsy/m/n on input line 20.
LaTeX Font Info:    ... okay on input line 20.
LaTeX Font Info:    Checking defaults for OMX/cmex/m/n on input line 20.
LaTeX Font Info:    ... okay on input line 20.
LaTeX Font Info:    Checking defaults for U/cmr/m/n on input line 20.
LaTeX Font Info:    ... okay on input line 20.
LaTeX Font Info:    Try loading font information for OT1+pbk on input line 20.

("C:\Users\Irune\AppData\Local\Programs\MiKTeX 2.9\tex\latex\psnfss\ot1pbk.fd"
File: ot1pbk.fd 2001/06/04 font definitions for OT1/pbk.
)
LaTeX Font Info:    Font shape `OT1/pbk/m/n' in size <10.95> not available
(Font)              Font shape `OT1/pbk/l/n' tried instead on input line 20.

("C:\Users\Irune\AppData\Local\Programs\MiKTeX 2.9\tex\context\base\supp-pdf.mk
ii"
[Loading MPS to PDF converter (version 2006.09.02).]
\scratchcounter=\count169
\scratchdimen=\dimen289
\scratchbox=\box77
\nofMPsegments=\count170
\nofMParguments=\count171
\everyMPshowfont=\toks52
\MPscratchCnt=\count172
\MPscratchDim=\dimen290
\MPnumerator=\count173
\makeMPintoPDFobject=\count174
\everyMPtoPDFconversion=\toks53
)
("C:\Users\Irune\AppData\Local\Programs\MiKTeX 2.9\tex\latex\oberdiek\epstopdf-
base.sty"
Package: epstopdf-base 2016/05/15 v2.6 Base part for package epstopdf

("C:\Users\Irune\AppData\Local\Programs\MiKTeX 2.9\tex\latex\oberdiek\grfext.st
y"
Package: grfext 2016/05/16 v1.2 Manage graphics extensions (HO)

("C:\Users\Irune\AppData\Local\Programs\MiKTeX 2.9\tex\generic\oberdiek\kvdefin
ekeys.sty"
Package: kvdefinekeys 2016/05/16 v1.4 Define keys (HO)
))
("C:\Users\Irune\AppData\Local\Programs\MiKTeX 2.9\tex\latex\oberdiek\kvoptions
.sty"
Package: kvoptions 2016/05/16 v3.12 Key value format for package options (HO)

("C:\Users\Irune\AppData\Local\Programs\MiKTeX 2.9\tex\generic\oberdiek\kvsetke
ys.sty"
Package: kvsetkeys 2016/05/16 v1.17 Key value parser (HO)

("C:\Users\Irune\AppData\Local\Programs\MiKTeX 2.9\tex\generic\oberdiek\etexcmd
s.sty"
Package: etexcmds 2016/05/16 v1.6 Avoid name clashes with e-TeX commands (HO)

("C:\Users\Irune\AppData\Local\Programs\MiKTeX 2.9\tex\generic\oberdiek\ifluate
x.sty"
Package: ifluatex 2016/05/16 v1.4 Provides the ifluatex switch (HO)
Package ifluatex Info: LuaTeX not detected.
)
Package etexcmds Info: Could not find \expanded.
(etexcmds)             That can mean that you are not using pdfTeX 1.50 or
(etexcmds)             that some package has redefined \expanded.
(etexcmds)             In the latter case, load this package earlier.
)))
("C:\Users\Irune\AppData\Local\Programs\MiKTeX 2.9\tex\generic\oberdiek\pdftexc
mds.sty"
Package: pdftexcmds 2018/01/21 v0.26 Utility functions of pdfTeX for LuaTeX (HO
)
Package pdftexcmds Info: LuaTeX not detected.
Package pdftexcmds Info: \pdf@primitive is available.
Package pdftexcmds Info: \pdf@ifprimitive is available.
Package pdftexcmds Info: \pdfdraftmode found.
)
Package epstopdf-base Info: Redefining graphics rule for `.eps' on input line 4
38.
Package grfext Info: Graphics extension search list:
(grfext)             [.pdf,.png,.jpg,.mps,.jpeg,.jbig2,.jb2,.PDF,.PNG,.JPG,.JPE
G,.JBIG2,.JB2,.eps]
(grfext)             \AppendGraphicsExtensions on input line 456.
)
LaTeX Font Info:    Try loading font information for U+lasy on input line 20.

("C:\Users\Irune\AppData\Local\Programs\MiKTeX 2.9\tex\latex\base\ulasy.fd"
File: ulasy.fd 1998/08/17 v2.2e LaTeX symbol font definitions
)
LaTeX Font Info:    Try loading font information for U+msa on input line 20.

("C:\Users\Irune\AppData\Local\Programs\MiKTeX 2.9\tex\latex\amsfonts\umsa.fd"
File: umsa.fd 2013/01/14 v3.01 AMS symbols A
)
LaTeX Font Info:    Try loading font information for U+msb on input line 20.
("C:\Users\Irune\AppData\Local\Programs\MiKTeX 2.9\tex\latex\amsfonts\umsb.fd"
File: umsb.fd 2013/01/14 v3.01 AMS symbols B
)
LaTeX Font Info:    Try loading font information for U+rsfs on input line 20.
("C:\Users\Irune\AppData\Local\Programs\MiKTeX 2.9\tex\latex\jknappen\ursfs.fd"
File: ursfs.fd 1998/03/24 rsfs font definition file (jk)
)
Package xypdf Info: Line width: 0.43799pt on input line 20.
\AtBeginShipoutBox=\box78

("C:\Users\Irune\AppData\Local\Programs\MiKTeX 2.9\tex\latex\oberdiek\pdflscape
.sty"
Package: pdflscape 2016/05/14 v0.11 Display of landscape pages in PDF (HO)

("C:\Users\Irune\AppData\Local\Programs\MiKTeX 2.9\tex\latex\graphics\lscape.st
y"
Package: lscape 2000/10/22 v3.01 Landscape Pages (DPC)
)
Package pdflscape Info: Auto-detected driver: pdftex on input line 81.

("C:\Users\Irune\AppData\Local\Programs\MiKTeX 2.9\tex\generic\ifxetex\ifxetex.
sty"
Package: ifxetex 2010/09/12 v0.6 Provides ifxetex conditional
)) ABD: EveryShipout initializing macros
\openout2 = `Titlepage.aux'.

 (Titlepage.tex
<tecnun.png, id=4, 249.43187pt x 97.86563pt>
File: tecnun.png Graphic file (type png)
<use tecnun.png>
Package pdftex.def Info: tecnun.png  used on input line 7.
(pdftex.def)             Requested size: 249.43126pt x 97.86537pt.
LaTeX Font Info:    Font shape `OT1/pbk/m/n' in size <12> not available
(Font)              Font shape `OT1/pbk/l/n' tried instead on input line 12.
LaTeX Font Info:    Font shape `OT1/pbk/bx/n' in size <12> not available
(Font)              Font shape `OT1/pbk/b/n' tried instead on input line 14.
LaTeX Font Info:    Font shape `OT1/pbk/b/n' in size <12> not available
(Font)              Font shape `OT1/pbk/db/n' tried instead on input line 14.
LaTeX Font Info:    Font shape `OT1/pbk/m/n' in size <24.88> not available
(Font)              Font shape `OT1/pbk/l/n' tried instead on input line 17.
LaTeX Font Info:    Font shape `OT1/pbk/bx/n' in size <24.88> not available
(Font)              Font shape `OT1/pbk/b/n' tried instead on input line 17.
LaTeX Font Info:    Font shape `OT1/pbk/b/n' in size <24.88> not available
(Font)              Font shape `OT1/pbk/db/n' tried instead on input line 17.
 [1




{C:/Users/Irune/AppData/Local/MiKTeX/2.9/pdftex/config/pdftex.map} <./tecnun.pn
g>])
\openout2 = `Contents.aux'.


(Contents.tex [2



]
LaTeX Font Info:    Font shape `OT1/pbk/bx/n' in size <10.95> not available
(Font)              Font shape `OT1/pbk/b/n' tried instead on input line 5.
LaTeX Font Info:    Font shape `OT1/pbk/b/n' in size <10.95> not available
(Font)              Font shape `OT1/pbk/db/n' tried instead on input line 5.
 (Master_Thesis_Irune_Goizueta.toc
Underfull \vbox (badness 5175) has occurred while \output is active []

 [3])
\tf@toc=\write6
\openout6 = `Master_Thesis_Irune_Goizueta.toc'.


[4] (Master_Thesis_Irune_Goizueta.lof
Underfull \vbox (badness 10000) has occurred while \output is active []

 [5

])
\tf@lof=\write7
\openout7 = `Master_Thesis_Irune_Goizueta.lof'.


[6] (Master_Thesis_Irune_Goizueta.lot
Underfull \vbox (badness 10000) has occurred while \output is active []

 [7

])
\tf@lot=\write8
\openout8 = `Master_Thesis_Irune_Goizueta.lot'.


[8])
\openout2 = `Abstract.aux'.

 (Abstract.tex) [9



] [10


]
\openout2 = `chapters/Intro.aux'.

 (chapters/Intro.tex
Chapter 1.
LaTeX Font Info:    Font shape `OT1/pbk/bx/n' in size <14.4> not available
(Font)              Font shape `OT1/pbk/b/n' tried instead on input line 1.
LaTeX Font Info:    Font shape `OT1/pbk/b/n' in size <14.4> not available
(Font)              Font shape `OT1/pbk/db/n' tried instead on input line 1.
LaTeX Font Info:    Font shape `OT1/pbk/m/n' in size <14.4> not available
(Font)              Font shape `OT1/pbk/l/n' tried instead on input line 5.
[1


]
LaTeX Font Info:    Try loading font information for OMS+pbk on input line 17.

("C:\Users\Irune\AppData\Local\Programs\MiKTeX 2.9\tex\latex\psnfss\omspbk.fd"
File: omspbk.fd 
)
LaTeX Font Info:    Font shape `OMS/pbk/m/n' in size <10.95> not available
(Font)              Font shape `OMS/cmsy/m/n' tried instead on input line 17.
<chapters/figures/intro/ur10.jpg, id=42, 414.54875pt x 405.515pt>
File: chapters/figures/intro/ur10.jpg Graphic file (type jpg)
<use chapters/figures/intro/ur10.jpg>
Package pdftex.def Info: chapters/figures/intro/ur10.jpg  used on input line 25
.
(pdftex.def)             Requested size: 232.69603pt x 227.62204pt.
<chapters/figures/intro/ft300.jpg, id=44, 828.09375pt x 566.115pt>
File: chapters/figures/intro/ft300.jpg Graphic file (type jpg)
<use chapters/figures/intro/ft300.jpg>
Package pdftex.def Info: chapters/figures/intro/ft300.jpg  used on input line 3
4.
(pdftex.def)             Requested size: 187.286pt x 128.0374pt.

LaTeX Warning: `!h' float specifier changed to `!ht'.

<chapters/figures/intro/gripper.jpg, id=45, 963.6pt x 617.30624pt>
File: chapters/figures/intro/gripper.jpg Graphic file (type jpg)
<use chapters/figures/intro/gripper.jpg>
Package pdftex.def Info: chapters/figures/intro/gripper.jpg  used on input line
 43.
(pdftex.def)             Requested size: 266.4832pt x 170.71652pt.
[2 <./chapters/figures/intro/ur10.jpg>]
<chapters/figures/intro/envelope.jpg, id=51, 81.30376pt x 117.94063pt>
File: chapters/figures/intro/envelope.jpg Graphic file (type jpg)
<use chapters/figures/intro/envelope.jpg>
Package pdftex.def Info: chapters/figures/intro/envelope.jpg  used on input lin
e 54.
(pdftex.def)             Requested size: 98.07263pt x 142.26378pt.
<chapters/figures/intro/assembly.jpg, id=52, 300.62312pt x 290.58563pt>
File: chapters/figures/intro/assembly.jpg Graphic file (type jpg)
<use chapters/figures/intro/assembly.jpg>
Package pdftex.def Info: chapters/figures/intro/assembly.jpg  used on input lin
e 62.
(pdftex.def)             Requested size: 294.3747pt x 284.52756pt.
 [3 <./chapters/figures/intro/ft300.jpg> <./chapters/figures/intro/gripper.jpg>
] [4 <./chapters/figures/intro/envelope.jpg> <./chapters/figures/intro/assembly
.jpg>]) [5]
\openout2 = `chapters/ROS.aux'.

 (chapters/ROS.tex [6



]
Chapter 2.
LaTeX Font Info:    Font shape `OT1/pbk/m/it' in size <10.95> not available
(Font)              Font shape `OT1/pbk/l/it' tried instead on input line 8.
[7]
<chapters/figures/ROS/ROS.jpg, id=71, 426.59375pt x 82.3075pt>
File: chapters/figures/ROS/ROS.jpg Graphic file (type jpg)
<use chapters/figures/ROS/ROS.jpg>
Package pdftex.def Info: chapters/figures/ROS/ROS.jpg  used on input line 25.
(pdftex.def)             Requested size: 426.5927pt x 82.30728pt.
 [8 <./chapters/figures/ROS/ROS.jpg>]
<chapters/figures/ROS/robots_moveit.jpg, id=75, 461.22313pt x 195.22937pt>
File: chapters/figures/ROS/robots_moveit.jpg Graphic file (type jpg)
<use chapters/figures/ROS/robots_moveit.jpg>
Package pdftex.def Info: chapters/figures/ROS/robots_moveit.jpg  used on input 
line 58.
(pdftex.def)             Requested size: 461.222pt x 195.22888pt.
 [9 <./chapters/figures/ROS/robots_moveit.jpg>]
Underfull \hbox (badness 10000) in paragraph at lines 74--75
[]\OT1/pbk/l/it/10.95 roslaunch ur[]modern[]driver ur10[]bringup.launch lim-ite
d:=true
 []


Underfull \hbox (badness 10000) in paragraph at lines 76--77
[]\OT1/pbk/l/it/10.95 roslaunch ur10[]moveit[]config ur10[]moveit[]planning[]ex
ecution.launch
 []

) [10]
\openout2 = `chapters/Motion_Planning.aux'.

 (chapters/Motion_Planning.tex
Chapter 3.
[11



]
<chapters/figures/motion_planning/involute.jpg, id=86, 374.90062pt x 349.305pt>

File: chapters/figures/motion_planning/involute.jpg Graphic file (type jpg)
<use chapters/figures/motion_planning/involute.jpg>
Package pdftex.def Info: chapters/figures/motion_planning/involute.jpg  used on
 input line 22.
(pdftex.def)             Requested size: 213.76422pt x 199.16928pt.
 [12 <./chapters/figures/motion_planning/involute.jpg>]

LaTeX Warning: Command \textdegree invalid in math mode on input line 46.


LaTeX Warning: Command \textdegree invalid in math mode on input line 46.

<chapters/figures/motion_planning/spiral.jpg, id=92, 407.02063pt x 371.88937pt>

File: chapters/figures/motion_planning/spiral.jpg Graphic file (type jpg)
<use chapters/figures/motion_planning/spiral.jpg>
Package pdftex.def Info: chapters/figures/motion_planning/spiral.jpg  used on i
nput line 50.
(pdftex.def)             Requested size: 217.98677pt x 199.16928pt.

Underfull \hbox (badness 1122) in paragraph at lines 65--66
[]\OT1/pbk/l/n/10.95 Let's now com-pare the dif-fer-ences be-tween the in-vo-lu
te of a cir-cle and the
 []

[13 <./chapters/figures/motion_planning/spiral.jpg>]
<chapters/figures/motion_planning/comparison.jpg, id=97, 574.145pt x 308.15125p
t>
File: chapters/figures/motion_planning/comparison.jpg Graphic file (type jpg)
<use chapters/figures/motion_planning/comparison.jpg>
Package pdftex.def Info: chapters/figures/motion_planning/comparison.jpg  used 
on input line 71.
(pdftex.def)             Requested size: 424.11598pt x 227.62204pt.

Underfull \vbox (badness 1616) has occurred while \output is active []

 [14 <./chapters/figures/motion_planning/comparison.jpg>]) [15]
\openout2 = `chapters/Algorithm.aux'.

 (chapters/Algorithm.tex
[16



]
Chapter 4.
<chapters/figures/algorithm/configuration.jpg, id=110, 706.13812pt x 387.94937p
t>
File: chapters/figures/algorithm/configuration.jpg Graphic file (type jpg)
<use chapters/figures/algorithm/configuration.jpg>
Package pdftex.def Info: chapters/figures/algorithm/configuration.jpg  used on 
input line 11.
(pdftex.def)             Requested size: 445.39734pt x 244.6937pt.
[17 <./chapters/figures/algorithm/configuration.jpg>]

LaTeX Warning: Float too large for page by 38.78542pt on input line 86.


LaTeX Warning: `h' float specifier changed to `ht'.

[18] [19]
LaTeX Font Info:    Font shape `OT1/pbk/m/n' in size <9> not available
(Font)              Font shape `OT1/pbk/l/n' tried instead on input line 101.
LaTeX Font Info:    Font shape `OT1/pbk/m/n' in size <8> not available
(Font)              Font shape `OT1/pbk/l/n' tried instead on input line 101.
LaTeX Font Info:    Font shape `OT1/pbk/m/n' in size <6> not available
(Font)              Font shape `OT1/pbk/l/n' tried instead on input line 101.
 [20

] [21] [22

]
<chapters/figures/algorithm/first_turn.jpg, id=130, 851.18pt x 683.55376pt>
File: chapters/figures/algorithm/first_turn.jpg Graphic file (type jpg)
<use chapters/figures/algorithm/first_turn.jpg>
Package pdftex.def Info: chapters/figures/algorithm/first_turn.jpg  used on inp
ut line 259.
(pdftex.def)             Requested size: 460.60445pt x 369.88582pt.
 [23]
<chapters/figures/algorithm/samepivot.jpg, id=134, 554.57187pt x 186.19562pt>
File: chapters/figures/algorithm/samepivot.jpg Graphic file (type jpg)
<use chapters/figures/algorithm/samepivot.jpg>
Package pdftex.def Info: chapters/figures/algorithm/samepivot.jpg  used on inpu
t line 267.
(pdftex.def)             Requested size: 338.99069pt x 113.81102pt.
<chapters/figures/algorithm/otherpivot.jpg, id=135, 443.15562pt x 240.9pt>
File: chapters/figures/algorithm/otherpivot.jpg Graphic file (type jpg)
<use chapters/figures/algorithm/otherpivot.jpg>
Package pdftex.def Info: chapters/figures/algorithm/otherpivot.jpg  used on inp
ut line 275.
(pdftex.def)             Requested size: 443.15453pt x 240.8994pt.
 [24 <./chapters/figures/algorithm/first_turn.jpg> <./chapters/figures/algorith
m/samepivot.jpg>]
<chapters/figures/algorithm/end.jpg, id=139, 810.02625pt x 194.22563pt>
File: chapters/figures/algorithm/end.jpg Graphic file (type jpg)
<use chapters/figures/algorithm/end.jpg>
Package pdftex.def Info: chapters/figures/algorithm/end.jpg  used on input line
 283.
(pdftex.def)             Requested size: 474.66066pt x 113.81102pt.

Overfull \hbox (4.90567pt too wide) in paragraph at lines 283--284
 [][] 
 []

[25 <./chapters/figures/algorithm/otherpivot.jpg> <./chapters/figures/algorithm
/end.jpg>])
\openout2 = `chapters/Experiments.aux'.

 (chapters/Experiments.tex [26




]
Chapter 5.
[27]
<chapters/figures/experiments/exp1.jpg, id=150, 302.63063pt x 197.73875pt>
File: chapters/figures/experiments/exp1.jpg Graphic file (type jpg)
<use chapters/figures/experiments/exp1.jpg>
Package pdftex.def Info: chapters/figures/experiments/exp1.jpg  used on input l
ine 32.
(pdftex.def)             Requested size: 261.27779pt x 170.71652pt.

Underfull \vbox (badness 10000) detected at line 63
 []

[28 <./chapters/figures/experiments/exp1.jpg>]
Overfull \hbox (28.43655pt too wide) in paragraph at lines 86--99
 [][] 
 []

[29]
Underfull \vbox (badness 10000) detected at line 151
 []


Underfull \vbox (badness 10000) detected at line 192
 []

[30]
Underfull \vbox (badness 10000) detected at line 236
 []

[31]
Underfull \vbox (badness 10000) has occurred while \output is active []

 [32]
<chapters/figures/experiments/exp2_CWCCW1.jpg, id=166, 595.72563pt x 129.98563p
t>
File: chapters/figures/experiments/exp2_CWCCW1.jpg Graphic file (type jpg)
<use chapters/figures/experiments/exp2_CWCCW1.jpg>
Package pdftex.def Info: chapters/figures/experiments/exp2_CWCCW1.jpg  used on 
input line 287.
(pdftex.def)             Requested size: 456.3922pt x 99.58464pt.

Overfull \hbox (11.43066pt too wide) in paragraph at lines 296--305
 [][] 
 []

<chapters/figures/experiments/exp2_CWCCW2.jpg, id=167, 640.89438pt x 145.04187p
t>
File: chapters/figures/experiments/exp2_CWCCW2.jpg Graphic file (type jpg)
<use chapters/figures/experiments/exp2_CWCCW2.jpg>
Package pdftex.def Info: chapters/figures/experiments/exp2_CWCCW2.jpg  used on 
input line 317.
(pdftex.def)             Requested size: 440.03682pt x 99.58464pt.
[33 <./chapters/figures/experiments/exp2_CWCCW1.jpg>]
Overfull \hbox (11.43066pt too wide) in paragraph at lines 326--335
 [][] 
 []

<chapters/figures/experiments/exp2_CWCCW3.jpg, id=172, 614.295pt x 134.5025pt>
File: chapters/figures/experiments/exp2_CWCCW3.jpg Graphic file (type jpg)
<use chapters/figures/experiments/exp2_CWCCW3.jpg>
Package pdftex.def Info: chapters/figures/experiments/exp2_CWCCW3.jpg  used on 
input line 347.
(pdftex.def)             Requested size: 454.82425pt x 99.58464pt.

Overfull \hbox (11.43066pt too wide) in paragraph at lines 356--365
 [][] 
 []

[34 <./chapters/figures/experiments/exp2_CWCCW2.jpg> <./chapters/figures/experi
ments/exp2_CWCCW3.jpg>]
<chapters/figures/experiments/exp3_distance1.jpg, id=176, 208.78pt x 154.07562p
t>
File: chapters/figures/experiments/exp3_distance1.jpg Graphic file (type jpg)
<use chapters/figures/experiments/exp3_distance1.jpg>
Package pdftex.def Info: chapters/figures/experiments/exp3_distance1.jpg  used 
on input line 382.
(pdftex.def)             Requested size: 154.22397pt x 113.81102pt.
 [35 <./chapters/figures/experiments/exp3_distance1.jpg>]
<chapters/figures/experiments/exp3_distance2.jpg, id=180, 192.72pt x 136.00812p
t>
File: chapters/figures/experiments/exp3_distance2.jpg Graphic file (type jpg)
<use chapters/figures/experiments/exp3_distance2.jpg>
Package pdftex.def Info: chapters/figures/experiments/exp3_distance2.jpg  used 
on input line 412.
(pdftex.def)             Requested size: 161.27496pt x 113.81102pt.
 [36 <./chapters/figures/experiments/exp3_distance2.jpg>]
<chapters/figures/experiments/exp3_distance3.jpg, id=184, 193.22188pt x 136.008
12pt>
File: chapters/figures/experiments/exp3_distance3.jpg Graphic file (type jpg)
<use chapters/figures/experiments/exp3_distance3.jpg>
Package pdftex.def Info: chapters/figures/experiments/exp3_distance3.jpg  used 
on input line 442.
(pdftex.def)             Requested size: 161.69495pt x 113.81102pt.
 [37 <./chapters/figures/experiments/exp3_distance3.jpg>]
<chapters/figures/experiments/exp4_humans.jpg, id=188, 491.33563pt x 334.24875p
t>
File: chapters/figures/experiments/exp4_humans.jpg Graphic file (type jpg)
<use chapters/figures/experiments/exp4_humans.jpg>
Package pdftex.def Info: chapters/figures/experiments/exp4_humans.jpg  used on 
input line 494.
(pdftex.def)             Requested size: 334.60611pt x 227.62204pt.
 [38 <./chapters/figures/experiments/exp4_humans.jpg>]) [39]
\openout2 = `chapters/Conclusion.aux'.

 (chapters/Conclusion.tex [40



]
Chapter 6.
<chapters/figures/conclusion/github.jpg, id=199, 536.50438pt x 357.83687pt>
File: chapters/figures/conclusion/github.jpg Graphic file (type jpg)
<use chapters/figures/conclusion/github.jpg>
Package pdftex.def Info: chapters/figures/conclusion/github.jpg  used on input 
line 17.
(pdftex.def)             Requested size: 469.27644pt x 312.9803pt.
) [41] [42 <./chapters/figures/conclusion/github.jpg>]
\openout2 = `chapters/Budget.aux'.

 (chapters/Budget.tex
Chapter 7.

Overfull \hbox (36.42392pt too wide) in paragraph at lines 15--24
 [][] 
 []


Underfull \hbox (badness 3701) in paragraph at lines 33--33
[]|\OT1/pbk/l/n/10.95 Cost of ac-
 []


Underfull \hbox (badness 10000) in paragraph at lines 33--33
[]|\OT1/pbk/l/n/10.95 Depreciation
 []


Overfull \hbox (35.116pt too wide) in paragraph at lines 33--33
[]|\OT1/pbk/l/n/10.95 Depreciation
 []


Overfull \hbox (7.78442pt too wide) in paragraph at lines 37--37
[]|\OT1/pbk/l/n/10.95 Force/Torque
 []


Overfull \hbox (12.86989pt too wide) in alignment at lines 31--47
 [] [] [] [] [] [] [] 
 []


Underfull \vbox (badness 10000) detected at line 47
 []


Overfull \vbox (22.28175pt too high) has occurred while \output is active []


[43



]
Underfull \hbox (badness 3701) in paragraph at lines 55--55
[]|\OT1/pbk/l/n/10.95 Cost of ac-
 []


Underfull \hbox (badness 10000) in paragraph at lines 55--55
[]|\OT1/pbk/l/n/10.95 Depreciation
 []


Overfull \hbox (35.116pt too wide) in paragraph at lines 55--55
[]|\OT1/pbk/l/n/10.95 Depreciation
 []


Underfull \hbox (badness 10000) in paragraph at lines 57--57
[]|\OT1/pbk/l/n/10.95 Ubuntu
 []


Underfull \hbox (badness 10000) in paragraph at lines 63--63
[]|\OT1/pbk/l/n/10.95 Total
 []


Overfull \hbox (12.86989pt too wide) in paragraph at lines 53--66
 [][] 
 []


Underfull \hbox (badness 10000) in paragraph at lines 93--93
[]|\OT1/pbk/l/n/10.95 Partial
 []


Overfull \hbox (10.07321pt too wide) in paragraph at lines 93--93
[]|\OT1/pbk/l/n/10.95 Accumulated
 []

) [44]
No file Master_Thesis_Irune_Goizueta.ind.
(Master_Thesis_Irune_Goizueta.bbl
LaTeX Font Info:    Try loading font information for OT1+pcr on input line 5.

("C:\Users\Irune\AppData\Local\Programs\MiKTeX 2.9\tex\latex\psnfss\ot1pcr.fd"
File: ot1pcr.fd 2001/06/04 font definitions for OT1/pcr.
) [45



]) [46] (Master_Thesis_Irune_Goizueta.aux (Titlepage.aux) (Contents.aux)
(Abstract.aux) (chapters/Intro.aux) (chapters/ROS.aux)
(chapters/Motion_Planning.aux) (chapters/Algorithm.aux)
(chapters/Experiments.aux) (chapters/Conclusion.aux) (chapters/Budget.aux))

LaTeX Warning: There were multiply-defined labels.

 ) 
Here is how much of TeX's memory you used:
 22270 strings out of 493305
 428778 string characters out of 3129803
 567322 words of memory out of 3000000
 25194 multiletter control sequences out of 15000+200000
 24151 words of font info for 78 fonts, out of 3000000 for 9000
 1141 hyphenation exceptions out of 8191
 57i,14n,67p,3314b,762s stack positions out of 5000i,500n,10000p,200000b,50000s
{C:/Users/Irune/AppData/Local/Programs/MiKTeX 2.9/fonts/enc/dvips/base/8r.enc
}<C:/Users/Irune/AppData/Local/Programs/MiKTeX 2.9/fonts/type1/public/amsfonts/
cm/cmmi10.pfb><C:/Users/Irune/AppData/Local/Programs/MiKTeX 2.9/fonts/type1/pub
lic/amsfonts/cm/cmmi8.pfb><C:/Users/Irune/AppData/Local/Programs/MiKTeX 2.9/fon
ts/type1/public/amsfonts/cm/cmr10.pfb><C:/Users/Irune/AppData/Local/Programs/Mi
KTeX 2.9/fonts/type1/public/amsfonts/cm/cmr8.pfb><C:/Users/Irune/AppData/Local/
Programs/MiKTeX 2.9/fonts/type1/public/amsfonts/cm/cmsy10.pfb><C:/Users/Irune/A
ppData/Local/Programs/MiKTeX 2.9/fonts/type1/public/amsfonts/cm/cmsy8.pfb><C:/U
sers/Irune/AppData/Local/Programs/MiKTeX 2.9/fonts/type1/urw/bookman/ubkd8a.pfb
><C:/Users/Irune/AppData/Local/Programs/MiKTeX 2.9/fonts/type1/urw/bookman/ubkl
8a.pfb><C:/Users/Irune/AppData/Local/Programs/MiKTeX 2.9/fonts/type1/urw/bookma
n/ubkli8a.pfb><C:/Users/Irune/AppData/Local/Programs/MiKTeX 2.9/fonts/type1/urw
/courier/ucrr8a.pfb>
Output written on Master_Thesis_Irune_Goizueta.pdf (56 pages, 2643400 bytes).
PDF statistics:
 255 PDF objects out of 1000 (max. 8388607)
 0 named destinations out of 1000 (max. 500000)
 138 words of extra memory for PDF output out of 10000 (max. 10000000)

